<?xml version="1.0" encoding="UTF-8"?>
<testsuite xmlns:xsi="http://www.w3.org/2001/XMLSchema-instance" xsi:noNamespaceSchemaLocation="https://maven.apache.org/surefire/maven-surefire-plugin/xsd/surefire-test-report-3.0.xsd" version="3.0" name="com.vehicleservice.DatabaseErrorHandlingTest" time="0.467" tests="2" errors="0" skipped="0" failures="0">
  <properties>
[...]
</properties>
  <testcase name="testForeignKeyConstraint" classname="com.vehicleservice.DatabaseErrorHandlingTest" time="0.005">
    <system-out><![CDATA[Default admin user created (username: admin, password: admin123)
]]></system-out>
  </testcase>
  <testcase name="testCheckConstraint" classname="com.vehicleservice.DatabaseErrorHandlingTest" time="0.002"/>
</testsuite>